This file contains any messages produced by compilers while
running configure, to aid debugging if configure makes a mistake.

configure:548: checking for gcc
configure:627: checking whether the C compiler (gcc  ) works
configure:643: gcc -o conftest    conftest.c  1>&5
configure:640:1: warning: type specifier missing, defaults to 'int' [-Wimplicit-int]
main(){return(0);}
^
1 warning generated.
configure:669: checking whether the C compiler (gcc  ) is a cross-compiler
configure:674: checking whether we are using GNU C
configure:683: gcc -E conftest.c
configure:698: checking whether gcc accepts -g
configure:728: checking for ranlib
configure:786: checking for a BSD compatible install
configure:843: checking for bison
configure:876: checking for flex
configure:910: checking for yywrap in -lfl
configure:929: gcc -o conftest -O2   conftest.c -lfl   1>&5
ld: library not found for -lfl
clang: error: linker command failed with exit code 1 (use -v to see invocation)
configure: failed program was:
#line 918 "configure"
#include "confdefs.h"
/* Override any gcc2 internal prototype to avoid an error.  */
/* We use char because int might match the return type of a gcc2
    builtin and then its argument prototype would still apply.  */
char yywrap();

int main() {
yywrap()
; return 0; }
configure:952: checking whether make sets ${MAKE}
configure:982: checking for working const
configure:1036: gcc -c -O2  conftest.c 1>&5
configure:1057: checking for inline
configure:1071: gcc -c -O2  conftest.c 1>&5
configure:1067:10: warning: type specifier missing, defaults to 'int' [-Wimplicit-int]
} inline foo() {
  ~~~~~~ ^
1 warning generated.
configure:1097: checking return type of signal handlers
configure:1119: gcc -c -O2  conftest.c 1>&5
configure:1139: checking how to run the C preprocessor
configure:1160: gcc -E  conftest.c >/dev/null 2>conftest.out
configure:1222: checking for sys/utsname.h
configure:1232: gcc -E  conftest.c >/dev/null 2>conftest.out
configure:1259: checking for ANSI C header files
configure:1272: gcc -E  conftest.c >/dev/null 2>conftest.out
configure:1339: gcc -o conftest -O2   conftest.c  1>&5
configure:1334:67: warning: implicitly declaring library function 'exit' with type 'void (int) __attribute__((noreturn))'
if (XOR (islower (i), ISLOWER (i)) || toupper (i) != TOUPPER (i)) exit(2);
                                                                  ^
configure:1334:67: note: include the header <stdlib.h> or explicitly provide a declaration for 'exit'
1 warning generated.
configure:1364: checking for Intel x86 floating point precision fix
configure:1468: gcc -o conftest -O2   conftest.c  1>&5
configure:1385:10: fatal error: 'fpu_control.h' file not found
#include <fpu_control.h>
         ^
1 error generated.
configure: failed program was:
#line 1380 "configure"
#include "confdefs.h"
#if STDC_HEADERS
#include <stdlib.h>
#endif

#include <fpu_control.h>
extern void store_double (
#ifdef __STDC__
double *, double
#endif
);

main ()

{
fpu_control_t	cw, orig_cw;
double		x1, eps1;
double		x2, eps2;
double		x3, eps3;
double		z;

	/* Compute an epsilon with results forced through memory. */

	eps1 = 1.0;
	x1 = 1.0;
	for (;;) {
		store_double (&z, x1 + 1.0);
		if (z == 1.0) break;
		eps1 = x1;
		x1 *= 0.5;
	}

/* These guys should learn how to write headers... */
#define	_FPU_CW_PC	_FPU_EXTENDED

	_FPU_GETCW (orig_cw);

	/* Compute an epsilon using extended precision enabled. */

	cw = (orig_cw & ~_FPU_CW_PC) | _FPU_EXTENDED;
	_FPU_SETCW (cw);

	eps2 = 1.0;
	x2 = 1.0;
	for (;;) {
		z = x2 + 1.0;
		if (z == 1.0) break;
		eps2 = x2;
		x2 *= 0.5;
	}

	/* Compute an epsilon with double precision forced. */

	cw = (orig_cw & ~_FPU_CW_PC) | _FPU_DOUBLE;
	_FPU_SETCW (cw);

	eps3 = 1.0;
	x3 = 1.0;
	for (;;) {
		z = x3 + 1.0;
		if (z == 1.0) break;
		eps3 = x3;
		x3 *= 0.5;
	}

	_FPU_SETCW (orig_cw);

	if ((eps1 != eps2) && (eps1 == eps3)) {
		/* Houston, we have a problem... */
		/* Roger, set PC=double to fix it... */
		exit (0);
	}
	/* Any failure here says we can't use this fix -- it doesn't work. */
	exit (1);
}

	void
store_double (

double *	p,
double		val
)
{
	*p = val;
}

configure:1505: checking if gcc -ffloat-store needed
configure:1579: gcc -o conftest -O2   conftest.c  1>&5
configure:1532:1: warning: type specifier missing, defaults to 'int' [-Wimplicit-int]
main ()
^
1 warning generated.
configure: failed program was:
#line 1521 "configure"
#include "confdefs.h"
#if STDC_HEADERS
#include <stdlib.h>
#endif

extern void store_double (
#ifdef __STDC__
double *, double
#endif
);

main ()

{
double		x, eps1;
double		y, eps2;
double		z;

	eps1 = 1.0;
	x = 1.0;
	for (;;) {
		z = x + 1.0;
		if (z == 1.0) break;
		eps1 = x;
		x *= 0.5;
	}

	eps2 = 1.0;
	y = 1.0;
	for (;;) {
		store_double (&z, y + 1.0);
		if (z == 1.0) break;
		eps2 = y;
		y *= 0.5;
	}

	if (eps1 == eps2) {
		/* Exiting with failure here says we don't */
		/* need -ffloat-store. */
		exit (1);
	}

	/* Houston, we have a problem...  Roger, use -ffloat-store. */
	exit (0);
}

	void
store_double (

double *	p,
double		val
)
{
	*p = val;
}

configure:1612: checking for times() and CLK_TCK
configure:1635: gcc -c -O2  conftest.c 1>&5
configure:1624:18: error: use of undeclared identifier 'CLK_TCK'
clock_t         ticks = CLK_TCK;
                        ^
1 error generated.
configure: failed program was:
#line 1617 "configure"
#include "confdefs.h"
#include <sys/types.h>
#include <sys/time.h>
#include <sys/times.h>
#include <time.h>

int main() {
clock_t		ticks = CLK_TCK;
  clock_t		total;
  struct tms		t;

	times (&t);
	total = t.tms_utime + t.tms_stime + t.tms_cutime + t.tms_cstime;
	

; return 0; }
configure:1657: checking for working uname function
configure:1680: gcc -c -O2  conftest.c 1>&5
configure:1675:2: warning: implicitly declaring library function 'printf' with type 'int (const char *, ...)'
        printf ("%d\n", total);
        ^
configure:1675:2: note: include the header <stdio.h> or explicitly provide a declaration for 'printf'
1 warning generated.
configure:1704: checking for popen
configure:1732: gcc -o conftest -O2   conftest.c  1>&5
configure:1704: checking for pclose
configure:1732: gcc -o conftest -O2   conftest.c  1>&5
configure:1760: checking for uname
configure:1802: checking if stderr is an lvalue
configure:1826: gcc -o conftest -O2   conftest.c  1>&5
configure:1894: checking for cplex
configure:1937: checking for cplex.h
configure:1958: checking for libcplex.a
configure:1982: checking for cpxdefs.inc
configure:2003: checking for cplex.a
